<?xml version="1.0" encoding="UTF-8"?>
<testng-results ignored="0" total="2" passed="2" failed="0" skipped="0">
  <reporter-output>
  </reporter-output>
  <suite started-at="2022-08-15T12:55:41 IST" name="Default suite" finished-at="2022-08-15T12:56:07 IST" duration-ms="25528">
    <groups>
    </groups>
    <test started-at="2022-08-15T12:55:41 IST" name="Default test" finished-at="2022-08-15T12:56:07 IST" duration-ms="25528">
      <class name="com.testautomation.byteam.Sravani">
        <test-method signature="display()[pri:0, instance:com.testautomation.byteam.Sravani@5cdec700]" started-at="2022-08-15T12:55:41 IST" name="display" finished-at="2022-08-15T12:55:52 IST" duration-ms="11008" status="PASS">
          <reporter-output>
          </reporter-output>
        </test-method> <!-- display -->
        <test-method signature="write()[pri:1, instance:com.testautomation.byteam.Sravani@5cdec700]" started-at="2022-08-15T12:55:53 IST" name="write" finished-at="2022-08-15T12:56:07 IST" duration-ms="14315" status="PASS">
          <reporter-output>
          </reporter-output>
        </test-method> <!-- write -->
      </class> <!-- com.testautomation.byteam.Sravani -->
    </test> <!-- Default test -->
  </suite> <!-- Default suite -->
</testng-results>
